D:\SIFT_HARRIS\HDR\DEBUG\HDR.EXE
D:\SIFT_HARRIS\HDR\DEBUG\HDR.ILK
D:\SIFT_HARRIS\HDR\DEBUG\HDR.PDB
D:\SIFT_Harris\HDR\HDR\Debug\cl.command.1.tlog
D:\SIFT_Harris\HDR\HDR\Debug\CL.read.1.tlog
D:\SIFT_Harris\HDR\HDR\Debug\CL.write.1.tlog
D:\SIFT_HARRIS\HDR\HDR\DEBUG\HDR.EXE.EMBED.MANIFEST
D:\SIFT_HARRIS\HDR\HDR\DEBUG\HDR.EXE.EMBED.MANIFEST.RES
D:\SIFT_HARRIS\HDR\HDR\DEBUG\HDR.EXE.INTERMEDIATE.MANIFEST
D:\SIFT_Harris\HDR\HDR\Debug\HDR_manifest.rc
D:\SIFT_Harris\HDR\HDR\Debug\link.2404.read.1.tlog
D:\SIFT_Harris\HDR\HDR\Debug\link.2404.write.1.tlog
D:\SIFT_Harris\HDR\HDR\Debug\link.2404-cvtres.read.1.tlog
D:\SIFT_Harris\HDR\HDR\Debug\link.2404-cvtres.write.1.tlog
D:\SIFT_Harris\HDR\HDR\Debug\link.command.1.tlog
D:\SIFT_Harris\HDR\HDR\Debug\link.read.1.tlog
D:\SIFT_Harris\HDR\HDR\Debug\link.write.1.tlog
D:\SIFT_Harris\HDR\HDR\Debug\link-cvtres.read.1.tlog
D:\SIFT_Harris\HDR\HDR\Debug\link-cvtres.write.1.tlog
D:\SIFT_HARRIS\HDR\HDR\DEBUG\MAIN.OBJ
D:\SIFT_Harris\HDR\HDR\Debug\mt.command.1.tlog
D:\SIFT_Harris\HDR\HDR\Debug\mt.read.1.tlog
D:\SIFT_Harris\HDR\HDR\Debug\mt.write.1.tlog
D:\SIFT_Harris\HDR\HDR\Debug\rc.command.1.tlog
D:\SIFT_Harris\HDR\HDR\Debug\rc.read.1.tlog
D:\SIFT_Harris\HDR\HDR\Debug\rc.write.1.tlog
D:\SIFT_Harris\HDR\HDR\Debug\vc100.idb
D:\SIFT_HARRIS\HDR\HDR\DEBUG\VC100.PDB
